The 1 Round's Different Bits: 3
The 2 Round's Different Bits: 11
The 3 Round's Different Bits: 25
The 4 Round's Different Bits: 33
The 5 Round's Different Bits: 29
The 6 Round's Different Bits: 27
The 7 Round's Different Bits: 30
The 8 Round's Different Bits: 32
The 9 Round's Different Bits: 28
The 10 Round's Different Bits: 30
The 11 Round's Different Bits: 33
The 12 Round's Different Bits: 31
The 13 Round's Different Bits: 31
The 14 Round's Different Bits: 30
The 15 Round's Different Bits: 33
The 16 Round's Different Bits: 33
Every bit is 1's frequency: 
The 1 bit: 43.75%
The 2 bit: 46.875%
The 3 bit: 53.125%
The 4 bit: 53.125%
The 5 bit: 59.375%
The 6 bit: 53.125%
The 7 bit: 50%
The 8 bit: 43.75%
The 9 bit: 48.4375%
The 10 bit: 42.1875%
The 11 bit: 57.8125%
The 12 bit: 59.375%
The 13 bit: 46.875%
The 14 bit: 42.1875%
The 15 bit: 56.25%
The 16 bit: 68.75%
The 17 bit: 51.5625%
The 18 bit: 40.625%
The 19 bit: 59.375%
The 20 bit: 57.8125%
The 21 bit: 46.875%
The 22 bit: 45.3125%
The 23 bit: 50%
The 24 bit: 60.9375%
The 25 bit: 42.1875%
The 26 bit: 50%
The 27 bit: 60.9375%
The 28 bit: 53.125%
The 29 bit: 57.8125%
The 30 bit: 48.4375%
The 31 bit: 59.375%
The 32 bit: 59.375%
The 33 bit: 50%
The 34 bit: 51.5625%
The 35 bit: 42.1875%
The 36 bit: 50%
The 37 bit: 45.3125%
The 38 bit: 51.5625%
The 39 bit: 57.8125%
The 40 bit: 50%
The 41 bit: 37.5%
The 42 bit: 42.1875%
The 43 bit: 57.8125%
The 44 bit: 45.3125%
The 45 bit: 57.8125%
The 46 bit: 56.25%
The 47 bit: 50%
The 48 bit: 56.25%
The 49 bit: 42.1875%
The 50 bit: 53.125%
The 51 bit: 59.375%
The 52 bit: 53.125%
The 53 bit: 53.125%
The 54 bit: 56.25%
The 55 bit: 48.4375%
The 56 bit: 50%
The 57 bit: 43.75%
The 58 bit: 54.6875%
The 59 bit: 54.6875%
The 60 bit: 57.8125%
The 61 bit: 45.3125%
The 62 bit: 48.4375%
The 63 bit: 39.0625%
The 64 bit: 54.6875%
Every bit is 0's frequency: 
The 1 bit: 56.25%
The 2 bit: 53.125%
The 3 bit: 46.875%
The 4 bit: 46.875%
The 5 bit: 40.625%
The 6 bit: 46.875%
The 7 bit: 50%
The 8 bit: 56.25%
The 9 bit: 51.5625%
The 10 bit: 57.8125%
The 11 bit: 42.1875%
The 12 bit: 40.625%
The 13 bit: 53.125%
The 14 bit: 57.8125%
The 15 bit: 43.75%
The 16 bit: 31.25%
The 17 bit: 48.4375%
The 18 bit: 59.375%
The 19 bit: 40.625%
The 20 bit: 42.1875%
The 21 bit: 53.125%
The 22 bit: 54.6875%
The 23 bit: 50%
The 24 bit: 39.0625%
The 25 bit: 57.8125%
The 26 bit: 50%
The 27 bit: 39.0625%
The 28 bit: 46.875%
The 29 bit: 42.1875%
The 30 bit: 51.5625%
The 31 bit: 40.625%
The 32 bit: 40.625%
The 33 bit: 50%
The 34 bit: 48.4375%
The 35 bit: 57.8125%
The 36 bit: 50%
The 37 bit: 54.6875%
The 38 bit: 48.4375%
The 39 bit: 42.1875%
The 40 bit: 50%
The 41 bit: 62.5%
The 42 bit: 57.8125%
The 43 bit: 42.1875%
The 44 bit: 54.6875%
The 45 bit: 42.1875%
The 46 bit: 43.75%
The 47 bit: 50%
The 48 bit: 43.75%
The 49 bit: 57.8125%
The 50 bit: 46.875%
The 51 bit: 40.625%
The 52 bit: 46.875%
The 53 bit: 46.875%
The 54 bit: 43.75%
The 55 bit: 51.5625%
The 56 bit: 50%
The 57 bit: 56.25%
The 58 bit: 45.3125%
The 59 bit: 45.3125%
The 60 bit: 42.1875%
The 61 bit: 54.6875%
The 62 bit: 51.5625%
The 63 bit: 60.9375%
The 64 bit: 45.3125%
The 1 S-Box Difference Distributing Table:
  1 2 3 4 5 6 7 8 9 10 11 12 13 14 15 16
0: 64 0 0 0 0 0 0 0 0 0 0 0 0 0 0 0 
1: 6 4 2 2 4 2 4 4 2 8 4 8 2 4 4 4 
2: 0 2 2 4 8 2 8 2 8 2 0 14 4 2 6 0 
3: 8 2 0 4 0 10 0 4 0 6 0 8 4 2 8 8 
4: 0 8 2 10 2 2 2 6 6 2 0 4 4 4 4 8 
5: 8 8 0 0 4 8 4 8 8 0 4 0 0 8 0 4 
6: 0 6 0 4 2 6 0 2 14 4 8 4 6 2 2 4 
7: 2 4 4 8 4 0 8 2 8 2 6 2 8 0 4 2 
8: 0 2 0 4 6 4 14 2 2 4 0 4 12 2 6 2 
9: 2 2 10 6 4 2 4 6 4 4 2 2 4 2 10 0 
10: 0 2 6 4 2 4 0 14 6 2 2 2 4 8 8 0 
11: 2 2 2 2 0 10 2 4 6 8 8 6 4 4 0 4 
12: 0 2 6 6 2 0 2 6 4 6 2 6 0 6 4 12 
13: 0 8 4 6 10 0 10 2 2 4 2 6 4 4 0 2 
14: 0 2 0 8 14 2 2 4 4 0 4 2 6 8 2 6 
15: 4 2 6 0 6 0 4 6 6 4 6 0 2 4 6 8 
16: 0 4 12 4 6 8 2 8 0 4 2 6 0 2 6 0 
17: 10 2 4 2 4 0 4 2 2 4 2 2 10 4 8 4 
18: 0 6 6 2 0 6 4 4 2 10 0 2 4 4 4 10 
19: 4 0 12 2 4 4 0 2 2 6 4 10 0 4 6 4 
20: 0 12 0 2 2 8 6 2 4 2 8 4 6 6 2 0 
21: 6 12 0 12 4 4 2 4 6 0 4 4 0 0 2 4 
22: 0 2 2 2 8 4 6 4 2 0 10 2 0 4 8 10 
23: 4 4 2 2 4 4 6 2 8 2 4 6 0 2 8 6 
24: 0 4 10 2 4 4 0 4 2 4 8 2 6 0 10 4 
25: 4 0 2 4 4 8 0 6 2 4 12 4 8 2 4 0 
26: 0 4 4 0 2 8 4 6 0 14 8 2 6 2 0 4 
27: 0 4 4 6 4 4 2 8 2 4 0 4 8 6 4 4 
28: 0 4 6 8 2 6 2 0 2 2 8 6 4 12 0 2 
29: 0 4 6 4 2 8 8 4 2 4 2 2 4 8 0 6 
30: 0 4 8 4 4 0 12 0 8 8 4 4 2 2 2 2 
31: 4 6 6 4 6 0 6 0 4 4 4 0 6 10 0 4 
32: 4 6 0 6 2 2 6 6 2 4 8 2 4 4 2 6 
33: 0 8 0 4 8 4 4 0 6 4 6 8 4 2 4 2 
34: 4 6 2 2 12 6 0 4 2 0 8 4 2 4 2 6 
35: 8 0 2 6 4 2 4 2 2 0 14 0 4 4 2 10 
36: 6 2 0 2 6 6 2 0 6 8 0 8 8 2 4 4 
37: 2 2 6 0 4 6 6 10 2 4 6 2 4 4 2 4 
38: 4 2 6 2 6 4 2 10 0 0 4 6 2 6 4 6 
39: 4 4 8 2 0 0 2 4 2 6 2 8 6 2 8 6 
40: 6 4 2 8 2 0 10 8 4 8 2 2 0 0 2 6 
41: 2 0 4 4 2 2 0 6 10 2 4 2 0 10 6 10 
42: 8 4 4 8 8 0 4 4 4 2 0 2 2 8 2 4 
43: 0 6 4 6 6 4 10 0 4 8 2 2 6 2 4 0 
44: 6 0 4 4 0 4 0 6 14 6 4 2 2 0 10 2 
45: 4 8 6 4 2 0 2 6 2 6 2 8 6 0 4 4 
46: 2 4 6 4 0 2 4 2 4 4 2 6 12 4 6 2 
47: 8 4 6 2 6 6 4 8 0 6 0 2 2 4 2 4 
48: 0 6 2 2 10 10 0 2 6 8 4 4 0 8 2 0 
49: 0 6 2 4 4 4 2 2 6 0 8 2 8 8 2 6 
50: 0 10 4 10 2 0 6 0 4 2 6 0 4 2 6 8 
51: 2 4 2 4 12 4 2 6 6 2 6 2 2 4 4 2 
52: 4 0 10 0 6 4 2 2 2 2 8 10 6 4 2 2 
53: 6 2 4 2 8 10 0 0 0 4 2 4 4 6 4 8 
54: 6 8 4 0 4 8 2 4 2 4 2 2 6 2 6 4 
55: 2 6 4 2 4 6 4 4 0 8 0 10 4 2 6 2 
56: 0 2 8 8 2 4 4 0 8 4 0 6 2 6 4 6 
57: 4 2 0 8 0 0 8 2 6 8 8 4 2 6 4 2 
58: 6 2 2 4 2 6 10 8 2 0 8 0 2 4 4 4 
59: 8 6 2 4 4 4 6 2 4 0 4 4 6 8 2 0 
60: 2 0 6 2 0 2 8 4 2 4 2 10 10 4 6 2 
61: 6 4 6 6 0 6 6 2 8 4 0 2 4 0 6 4 
62: 6 8 4 2 2 6 4 4 2 8 6 0 2 6 2 2 
63: 8 2 8 6 0 6 4 10 6 2 0 4 2 2 4 0 

The 2 S-Box Difference Distributing Table:
  1 2 3 4 5 6 7 8 9 10 11 12 13 14 15 16
0: 64 0 0 0 0 0 0 0 0 0 0 0 0 0 0 0 
1: 4 10 0 6 4 0 4 0 8 10 6 0 4 0 2 6 
2: 0 2 4 8 0 0 8 6 2 2 10 0 8 6 0 8 
3: 6 0 4 8 0 2 4 8 0 4 4 2 2 6 8 6 
4: 0 6 6 8 0 4 2 6 2 6 2 6 8 2 0 6 
5: 4 6 2 2 0 2 6 2 6 2 8 6 6 6 4 2 
6: 0 8 2 0 0 6 6 2 4 6 4 4 8 4 4 6 
7: 6 0 2 4 2 6 4 8 6 2 4 8 2 4 2 4 
8: 0 0 4 8 4 8 8 0 4 6 2 4 4 2 6 4 
9: 0 4 2 4 4 4 8 2 4 0 6 8 2 2 6 8 
10: 0 2 4 2 10 10 6 2 2 2 8 0 8 6 2 0 
11: 2 0 2 2 4 10 2 2 2 10 6 8 8 4 2 0 
12: 0 6 2 2 6 6 2 0 4 4 6 4 4 6 8 4 
13: 6 4 8 0 10 2 4 6 2 6 2 0 2 8 2 2 
14: 0 4 6 8 4 2 8 8 2 6 0 2 4 2 4 4 
15: 4 0 4 2 4 2 8 8 4 2 4 8 2 2 6 4 
16: 0 2 4 8 2 4 4 4 8 6 2 6 4 6 4 0 
17: 6 6 6 4 8 2 4 0 2 2 4 2 4 6 2 6 
18: 0 6 4 2 10 0 6 4 2 0 4 10 2 4 4 6 
19: 2 2 10 2 2 8 4 2 4 2 4 2 10 2 8 0 
20: 0 6 8 4 4 4 4 2 2 2 6 4 0 6 8 4 
21: 0 8 4 8 2 6 0 0 2 6 0 4 6 6 6 6 
22: 0 6 4 6 4 2 2 4 4 2 4 6 6 4 4 6 
23: 4 4 4 10 2 6 2 4 0 4 2 4 6 6 4 2 
24: 0 6 2 2 0 2 4 4 8 4 2 8 6 2 10 4 
25: 6 2 10 2 4 0 4 8 10 0 2 0 2 4 2 8 
26: 0 6 2 2 6 8 0 4 2 8 4 4 0 10 6 2 
27: 2 8 6 0 6 6 2 2 6 4 4 2 4 4 2 6 
28: 0 2 6 4 4 4 4 8 8 4 0 4 2 4 4 6 
29: 6 4 0 2 8 4 2 10 2 6 8 4 2 0 4 2 
30: 0 2 6 0 10 4 0 10 10 6 10 2 0 0 0 4 
31: 6 6 0 8 4 4 6 2 6 4 0 6 2 4 4 2 
32: 4 4 4 10 2 2 4 2 2 2 8 2 8 4 0 6 
33: 6 4 4 6 0 4 6 6 4 4 2 6 6 4 0 2 
34: 6 8 6 4 0 8 4 0 0 4 2 2 12 2 2 4 
35: 6 2 4 2 4 6 2 2 4 2 10 2 2 10 0 6 
36: 6 6 4 2 2 2 2 4 2 2 12 2 4 8 0 6 
37: 4 6 6 6 6 2 2 4 2 2 2 8 2 4 4 4 
38: 12 4 2 4 2 2 6 0 2 2 0 6 2 10 6 4 
39: 2 4 4 2 4 2 4 10 8 4 0 4 6 2 4 4 
40: 2 6 2 4 4 2 6 6 4 8 4 2 6 0 4 4 
41: 8 2 2 0 4 6 2 4 6 8 4 2 2 4 8 2 
42: 4 0 0 6 4 2 4 4 0 8 6 4 6 0 8 8 
43: 2 2 4 2 6 4 12 4 0 6 8 0 2 6 2 4 
44: 2 4 8 2 4 8 6 2 4 6 0 2 6 2 6 2 
45: 0 6 6 4 10 4 4 2 2 6 6 6 2 2 2 2 
46: 4 0 2 4 6 2 4 6 6 4 4 8 0 6 2 6 
47: 0 10 2 6 2 8 4 8 2 4 0 8 2 0 4 4 
48: 6 2 8 4 0 2 4 6 4 0 8 4 2 0 8 6 
49: 2 6 2 8 2 2 4 2 2 4 2 6 6 0 8 8 
50: 4 10 6 2 6 10 2 4 4 2 2 2 4 4 0 2 
51: 6 8 2 6 2 4 4 0 8 2 0 0 8 6 6 2 
52: 4 2 2 4 8 4 2 2 0 10 4 2 2 6 10 2 
53: 4 2 6 6 4 4 6 0 4 0 6 0 6 4 8 4 
54: 2 4 4 6 0 2 8 6 6 2 0 8 2 6 6 2 
55: 6 0 0 4 6 0 4 4 0 10 2 2 4 6 6 10 
56: 2 6 2 0 14 4 2 6 8 2 2 6 4 0 2 4 
57: 8 4 0 2 6 4 2 2 6 0 4 4 6 10 4 2 
58: 4 0 12 2 2 2 2 4 10 6 4 2 2 6 4 2 
59: 2 4 6 6 4 2 4 4 2 6 6 8 4 0 4 2 
60: 2 2 2 6 6 8 6 8 0 2 2 8 4 4 2 2 
61: 0 2 10 4 0 6 2 8 6 0 10 4 2 4 2 4 
62: 0 6 0 4 4 4 2 4 12 4 6 4 0 6 4 4 
63: 8 2 6 0 4 6 2 4 8 6 2 4 4 2 2 4 

The 3 S-Box Difference Distributing Table:
  1 2 3 4 5 6 7 8 9 10 11 12 13 14 15 16
0: 64 0 0 0 0 0 0 0 0 0 0 0 0 0 0 0 
1: 6 6 4 8 2 4 6 4 0 2 8 2 2 6 0 4 
2: 0 2 2 4 0 2 2 0 6 6 2 6 10 10 6 6 
3: 2 4 0 2 8 4 4 4 2 8 2 4 4 4 2 10 
4: 0 2 6 8 10 6 2 6 4 4 6 2 2 4 2 0 
5: 2 4 10 4 2 4 6 4 4 4 6 2 2 2 4 4 
6: 0 2 4 2 4 6 0 6 4 6 4 2 8 6 4 6 
7: 2 2 4 8 0 4 4 4 4 2 2 4 4 6 4 10 
8: 0 2 4 6 10 4 2 0 2 4 6 8 6 4 2 4 
9: 8 0 0 2 8 2 8 4 6 2 4 6 4 2 6 2 
10: 0 6 6 8 6 2 4 4 0 4 8 0 4 2 0 10 
11: 10 2 4 6 4 4 0 2 0 8 6 4 2 6 2 4 
12: 0 4 6 2 8 2 12 2 4 4 2 2 2 4 6 4 
13: 8 2 4 6 6 4 2 8 0 2 2 0 6 4 4 6 
14: 0 6 0 6 2 2 6 6 8 8 0 12 0 2 0 6 
15: 6 4 6 4 2 2 2 2 4 4 2 10 4 2 6 4 
16: 0 10 4 0 0 6 2 6 6 2 4 6 4 4 8 2 
17: 2 8 0 4 4 8 2 0 8 10 0 4 2 6 2 4 
18: 0 2 4 4 8 6 6 6 0 2 2 2 10 4 6 2 
19: 2 6 2 2 2 8 6 8 10 2 4 0 4 2 6 0 
20: 0 4 6 8 4 6 0 4 6 4 8 4 0 4 0 6 
21: 4 6 14 4 4 2 0 2 4 6 6 0 6 0 2 4 
22: 0 6 2 2 2 0 12 4 6 0 6 6 2 4 10 2 
23: 0 4 6 0 10 2 0 2 4 2 0 8 8 14 4 0 
24: 0 8 2 8 2 12 6 6 2 4 0 4 2 2 2 4 
25: 6 2 0 0 10 6 6 6 0 0 8 4 4 4 2 6 
26: 0 2 2 2 2 0 2 2 8 6 6 6 8 6 8 4 
27: 0 4 2 4 2 4 4 4 6 4 8 8 10 2 0 2 
28: 0 6 8 0 6 8 4 8 4 2 2 2 4 2 4 4 
29: 0 4 8 4 0 2 6 8 2 6 2 6 2 4 8 2 
30: 0 2 8 4 0 2 4 4 4 8 8 2 2 6 6 4 
31: 6 6 0 6 0 4 8 2 10 2 4 2 0 0 12 2 
32: 6 4 0 2 4 2 6 4 2 2 0 4 12 4 6 6 
33: 4 2 2 2 12 2 2 2 2 4 4 0 10 4 8 4 
34: 12 4 2 0 0 8 2 4 6 6 0 6 2 6 4 2 
35: 2 6 2 6 6 0 0 6 4 4 8 8 4 2 2 4 
36: 0 0 6 6 4 6 6 4 6 6 4 0 10 4 0 2 
37: 4 2 0 4 2 2 10 4 6 6 4 2 2 4 4 8 
38: 0 6 4 10 2 6 0 4 0 6 0 10 4 4 2 6 
39: 4 2 2 10 8 4 6 0 2 6 6 4 4 2 4 0 
40: 2 0 4 2 6 4 2 4 12 2 14 0 4 2 4 2 
41: 8 0 2 2 4 8 0 8 8 2 4 6 4 6 2 0 
42: 4 6 0 10 10 4 4 2 0 4 4 4 2 6 0 4 
43: 6 2 2 4 0 4 6 8 8 2 2 6 4 2 4 4 
44: 6 2 2 4 0 0 2 4 6 10 10 4 0 4 6 4 
45: 6 0 8 4 2 0 6 6 2 4 4 4 6 4 2 6 
46: 6 2 2 2 6 6 10 6 4 4 0 4 2 2 2 6 
47: 2 2 2 4 2 8 6 6 0 4 4 2 6 4 2 10 
48: 0 8 2 0 2 0 0 4 2 8 2 6 8 12 4 6 
49: 4 4 4 2 2 10 2 4 6 2 2 0 4 4 8 6 
50: 8 6 8 6 10 2 2 6 6 0 2 4 4 0 0 0 
51: 4 12 4 2 4 2 2 2 4 10 0 4 0 4 6 4 
52: 0 0 2 6 2 2 8 4 4 4 4 4 4 4 8 8 
53: 2 6 2 4 4 6 2 2 2 2 4 2 6 8 6 6 
54: 6 8 4 6 4 6 8 2 6 0 4 2 0 2 4 2 
55: 4 6 16 2 2 2 4 0 2 2 8 4 2 4 2 4 
56: 4 6 8 6 2 0 2 4 6 2 4 4 0 8 6 2 
57: 4 6 2 4 4 8 0 4 2 4 6 12 2 6 0 0 
58: 4 6 4 2 6 4 6 4 2 0 2 4 4 2 8 6 
59: 4 4 6 2 8 2 8 6 2 4 2 4 4 4 2 2 
60: 2 0 12 2 0 6 2 8 2 6 6 6 2 2 2 6 
61: 4 4 4 6 2 0 6 2 12 4 4 2 2 4 6 2 
62: 4 6 4 0 6 8 4 0 0 4 8 2 6 2 8 2 
63: 2 6 6 6 2 6 4 4 2 4 2 4 4 2 6 4 

The 4 S-Box Difference Distributing Table:
  1 2 3 4 5 6 7 8 9 10 11 12 13 14 15 16
0: 64 0 0 0 0 0 0 0 0 0 0 0 0 0 0 0 
1: 6 6 8 4 2 8 2 0 2 4 4 6 4 4 0 4 
2: 0 4 4 4 2 6 4 0 12 4 6 2 4 4 4 4 
3: 4 6 4 6 0 6 2 4 0 8 10 2 4 4 4 0 
4: 0 2 6 6 4 0 8 6 4 4 6 8 4 2 4 0 
5: 4 2 10 2 2 4 4 8 2 4 0 8 2 0 8 4 
6: 0 4 8 2 2 6 0 6 10 4 4 8 4 2 4 0 
7: 4 4 4 6 8 4 0 6 2 2 8 2 2 6 0 6 
8: 0 8 4 4 6 2 2 10 0 0 6 2 2 6 4 8 
9: 4 2 4 4 2 6 6 4 6 2 2 4 6 4 2 6 
10: 0 8 4 2 4 8 0 2 0 4 2 4 8 4 6 8 
11: 6 4 0 8 6 4 2 6 2 4 2 2 4 6 6 2 
12: 0 0 4 6 14 2 4 10 2 6 0 6 4 0 4 2 
13: 2 6 0 2 6 10 2 0 6 6 2 4 2 2 8 6 
14: 0 2 2 4 4 4 6 6 4 6 4 2 2 2 6 10 
15: 2 2 10 0 2 6 6 8 4 2 4 4 4 6 4 0 
16: 0 2 8 2 6 0 8 2 4 4 8 4 2 6 4 4 
17: 6 6 2 4 2 2 6 4 8 4 2 4 2 6 0 6 
18: 0 8 4 0 6 8 4 2 4 4 6 6 6 0 2 4 
19: 6 2 0 6 4 4 2 0 6 4 6 6 4 10 4 0 
20: 0 6 0 4 2 2 4 2 4 12 6 0 2 8 6 6 
21: 2 8 4 6 8 4 6 2 2 0 2 4 4 4 4 4 
22: 0 2 6 14 2 6 4 2 6 0 0 4 6 2 4 6 
23: 4 6 4 6 2 0 6 0 6 6 4 8 2 2 4 4 
24: 0 2 0 2 2 0 2 4 4 8 6 10 2 14 8 0 
25: 0 2 4 0 6 2 10 8 12 6 2 2 0 4 2 4 
26: 0 8 0 6 2 8 8 8 4 0 2 4 4 2 4 4 
27: 4 4 6 4 2 0 2 10 4 0 4 2 8 6 6 2 
28: 0 4 6 4 6 2 8 2 2 2 4 2 8 8 2 4 
29: 4 0 4 6 4 4 4 2 2 6 2 4 8 0 4 10 
30: 0 4 8 4 2 10 2 2 4 6 4 2 6 4 2 4 
31: 6 4 0 0 8 0 4 2 0 6 10 2 8 0 8 6 
32: 4 0 2 4 6 2 2 0 4 8 2 4 10 2 6 8 
33: 4 0 4 6 6 6 0 6 0 4 4 6 4 4 6 4 
34: 8 8 8 2 6 6 2 4 0 2 4 4 0 2 4 4 
35: 8 0 8 4 4 6 4 2 0 2 2 4 2 2 8 8 
36: 10 2 6 2 4 2 2 4 4 4 6 2 2 4 2 8 
37: 0 8 6 4 2 10 2 4 2 2 2 4 2 6 8 2 
38: 4 2 2 4 8 2 2 12 6 2 2 6 8 4 0 0 
39: 2 2 0 4 0 8 8 4 4 10 2 4 6 4 2 4 
40: 2 4 4 8 6 0 2 6 0 0 2 12 4 4 8 2 
41: 2 8 4 2 2 4 8 6 2 4 4 2 2 0 8 6 
42: 2 4 6 8 10 4 0 6 4 4 2 2 4 0 4 4 
43: 4 8 10 4 2 0 0 4 6 0 8 4 2 6 4 2 
44: 10 0 0 2 0 6 2 4 6 6 4 4 6 6 4 4 
45: 12 4 2 4 2 6 6 8 4 6 2 2 4 2 0 0 
46: 4 4 4 6 0 10 8 0 0 2 6 6 2 6 4 2 
47: 4 6 2 0 10 0 4 2 6 4 8 6 6 0 4 2 
48: 4 2 4 2 6 4 8 2 6 4 4 2 2 4 6 4 
49: 0 6 2 2 10 2 6 0 2 6 6 4 6 4 0 8 
50: 0 2 2 6 2 6 4 6 6 4 8 0 4 4 6 4 
51: 8 4 6 4 4 2 8 0 2 8 2 2 10 2 0 2 
52: 4 4 2 2 6 2 14 2 6 0 2 0 2 8 8 2 
53: 0 2 2 4 4 2 4 6 6 4 6 4 4 6 6 4 
54: 2 4 2 2 2 4 10 2 4 0 0 6 8 4 8 6 
55: 2 6 0 4 6 4 4 10 0 0 4 4 6 8 2 4 
56: 0 12 10 8 2 6 6 4 2 6 2 0 0 4 2 0 
57: 4 4 2 6 2 2 0 8 6 8 4 2 4 6 6 0 
58: 0 0 4 6 2 4 0 4 6 8 8 8 4 4 0 6 
59: 2 2 4 8 6 2 2 2 10 4 2 4 2 4 4 6 
60: 6 8 8 0 2 2 0 6 4 8 10 4 2 0 0 4 
61: 6 4 2 4 0 4 6 2 10 2 4 4 2 4 2 8 
62: 4 8 0 2 2 4 2 2 6 6 2 4 6 8 2 6 
63: 6 0 10 4 4 6 2 0 4 0 4 8 2 6 4 4 

The 5 S-Box Difference Distributing Table:
  1 2 3 4 5 6 7 8 9 10 11 12 13 14 15 16
0: 64 0 0 0 0 0 0 0 0 0 0 0 0 0 0 0 
1: 4 2 4 6 2 4 4 2 2 4 6 8 4 2 6 4 
2: 0 6 2 4 8 4 8 0 2 2 8 4 2 8 6 0 
3: 8 6 2 4 2 6 6 6 6 2 2 2 2 4 4 2 
4: 0 2 2 2 10 6 6 4 8 6 4 4 4 0 2 4 
5: 0 6 6 4 4 0 2 6 4 2 4 10 4 4 4 4 
6: 0 4 2 6 0 2 6 8 2 4 4 6 2 2 12 4 
7: 2 4 0 4 2 4 2 6 6 4 4 0 6 12 2 6 
8: 0 4 6 10 4 4 4 8 2 2 0 0 4 0 8 8 
9: 2 4 4 4 8 4 2 4 6 4 2 2 6 6 2 4 
10: 0 6 6 6 2 12 0 4 2 4 10 2 0 6 0 4 
11: 6 8 6 4 2 4 12 2 4 4 0 0 2 2 0 8 
12: 0 2 2 4 0 6 8 2 4 4 6 10 6 2 2 6 
13: 4 4 2 4 4 6 8 0 4 4 8 2 6 0 4 4 
14: 0 8 8 0 8 6 0 2 0 10 0 10 2 6 2 2 
15: 6 2 4 2 4 4 4 2 4 4 6 8 2 2 6 4 
16: 0 4 6 0 2 0 8 4 2 8 6 2 4 8 8 2 
17: 4 6 2 6 0 4 8 2 4 2 4 4 6 2 4 6 
18: 0 4 0 4 10 2 4 4 8 2 4 6 4 6 2 4 
19: 4 8 2 0 0 4 2 8 4 2 8 0 4 6 8 4 
20: 0 2 12 2 0 4 6 6 6 0 6 0 6 6 4 4 
21: 4 4 8 0 4 6 2 4 4 8 0 4 2 4 8 2 
22: 0 2 4 6 2 2 6 6 4 2 0 6 10 6 2 6 
23: 6 4 4 4 6 4 6 2 6 4 4 4 4 2 0 4 
24: 0 8 8 2 2 2 0 2 6 4 4 4 4 6 8 4 
25: 4 2 10 4 10 0 2 4 2 6 2 6 2 6 0 4 
26: 0 4 0 10 4 4 4 10 2 6 4 6 2 2 4 2 
27: 4 0 2 4 4 6 0 4 4 12 0 6 6 4 4 4 
28: 0 6 0 0 6 6 4 2 8 8 6 0 8 2 4 4 
29: 6 0 4 8 4 4 4 6 2 2 6 4 2 4 8 0 
30: 0 2 6 8 6 4 0 2 8 2 2 4 6 4 0 10 
31: 0 4 4 6 8 4 0 6 2 0 8 4 6 4 4 4 
32: 4 10 4 4 6 4 2 2 2 4 0 8 6 0 0 8 
33: 4 2 4 0 8 4 6 4 8 6 0 4 2 2 8 2 
34: 10 2 6 2 2 12 2 0 0 4 4 4 4 2 4 6 
35: 6 4 4 6 2 2 4 0 2 2 8 4 4 2 10 4 
36: 0 2 2 12 4 8 2 2 2 2 6 6 6 4 6 0 
37: 8 0 2 4 2 0 6 2 10 2 2 4 2 8 0 12 
38: 0 4 2 2 0 6 4 6 8 4 4 4 6 4 4 6 
39: 2 2 4 4 2 4 6 4 4 2 6 8 6 2 6 2 
40: 10 6 0 4 0 4 4 8 8 2 4 2 2 4 4 2 
41: 6 4 2 4 0 4 6 6 6 4 4 6 2 6 2 2 
42: 2 4 4 6 4 2 10 4 4 0 6 2 2 2 12 0 
43: 6 8 0 4 4 0 4 2 4 4 2 0 8 14 4 0 
44: 6 2 4 2 8 4 0 6 2 4 6 6 4 6 2 2 
45: 0 4 0 6 2 2 2 8 2 6 6 4 2 2 6 12 
46: 8 2 2 0 0 0 8 4 2 8 6 4 2 2 8 8 
47: 0 0 4 0 4 16 2 2 0 6 8 2 10 4 0 6 
48: 0 8 4 8 4 4 4 0 6 6 2 2 0 8 0 8 
49: 2 4 2 8 2 2 0 8 4 4 12 4 0 6 2 4 
50: 2 6 6 2 6 6 0 4 4 8 0 4 4 0 6 6 
51: 8 4 4 8 2 4 2 0 2 4 2 0 12 4 4 4 
52: 2 2 4 6 2 2 6 4 2 8 4 4 6 4 6 2 
53: 2 4 10 4 6 4 6 4 0 6 0 2 2 4 6 4 
54: 2 2 12 4 8 2 4 10 4 0 4 0 0 6 6 0 
55: 4 0 6 2 16 4 2 2 2 6 2 6 4 4 4 0 
56: 4 4 2 2 4 4 10 2 0 4 6 2 4 8 2 6 
57: 4 2 4 4 2 4 6 6 6 8 2 6 2 4 2 2 
58: 4 4 6 0 2 0 0 8 8 0 2 8 10 4 4 4 
59: 8 4 8 2 4 0 4 6 4 4 2 4 2 2 4 6 
60: 6 2 4 2 4 6 4 0 6 6 4 6 4 6 0 4 
61: 2 16 8 2 6 8 4 6 4 0 2 2 0 0 2 2 
62: 4 4 2 8 10 0 4 4 6 4 6 2 4 4 0 2 
63: 2 6 2 6 2 6 4 4 6 0 6 8 6 0 4 2 

The 6 S-Box Difference Distributing Table:
  1 2 3 4 5 6 7 8 9 10 11 12 13 14 15 16
0: 64 0 0 0 0 0 0 0 0 0 0 0 0 0 0 0 
1: 2 4 4 2 8 4 4 4 4 10 4 2 6 2 4 0 
2: 0 6 2 8 4 0 2 6 6 4 6 4 0 8 4 4 
3: 2 6 2 2 6 2 2 2 2 8 10 4 6 0 6 4 
4: 0 8 4 6 0 2 6 6 4 4 2 0 6 0 10 6 
5: 6 4 4 0 0 6 0 4 8 2 6 6 0 6 8 4 
6: 0 6 6 6 8 2 6 2 2 0 2 2 6 4 6 6 
7: 2 2 10 6 4 6 6 4 4 0 6 2 4 2 0 6 
8: 0 2 2 4 2 6 8 4 4 2 4 6 8 4 0 8 
9: 10 8 10 0 4 2 2 4 4 4 2 6 0 0 4 4 
10: 0 2 8 0 6 8 4 4 4 0 6 8 2 6 2 4 
11: 2 4 4 10 4 4 10 2 2 4 2 4 4 4 4 0 
12: 0 6 6 2 2 8 0 4 2 12 8 4 0 2 6 2 
13: 8 4 2 6 2 0 6 4 8 4 2 2 4 6 4 2 
14: 0 2 8 6 10 2 2 2 6 6 4 0 6 4 4 2 
15: 8 0 0 6 8 8 2 8 0 4 4 2 4 8 2 0 
16: 0 2 2 4 2 4 6 8 10 4 0 6 2 0 6 8 
17: 0 4 2 2 4 4 8 4 0 4 6 2 6 2 2 14 
18: 0 4 6 8 0 6 6 2 2 4 0 4 4 4 6 8 
19: 2 2 6 2 6 8 6 4 4 2 4 6 0 4 4 4 
20: 0 8 2 0 6 0 4 8 2 6 4 2 4 6 6 6 
21: 6 2 2 12 2 2 6 4 8 6 2 2 2 4 4 0 
22: 0 6 2 0 0 2 2 4 6 10 6 2 10 10 2 2 
23: 4 0 2 6 6 8 0 10 6 4 2 8 4 4 0 0 
24: 0 0 0 6 10 6 6 0 8 4 0 6 2 2 10 4 
25: 4 6 0 2 2 2 2 2 2 6 6 6 6 8 2 8 
26: 0 0 4 6 12 6 0 4 2 2 8 6 6 8 0 0 
27: 6 6 12 0 6 2 2 2 2 2 2 2 4 8 6 2 
28: 0 10 4 6 2 6 6 6 2 4 6 4 2 2 2 2 
29: 0 8 0 4 2 4 8 2 6 0 4 2 4 0 8 12 
30: 0 2 8 2 0 6 6 4 4 2 8 10 6 4 0 2 
31: 2 4 4 4 0 2 0 4 4 4 2 8 10 6 6 4 
32: 8 2 2 2 0 0 4 6 6 10 4 2 2 8 6 2 
33: 6 6 2 2 6 0 2 8 4 8 2 6 0 2 10 0 
34: 0 2 4 8 4 4 2 8 4 6 8 4 2 2 4 2 
35: 2 2 2 14 2 2 8 4 2 2 4 0 4 0 4 12 
36: 8 4 2 2 4 4 8 0 8 2 2 4 8 2 4 2 
37: 10 4 2 0 2 4 2 4 4 4 2 6 4 4 6 6 
38: 0 4 2 4 6 10 4 2 6 4 2 10 0 6 0 4 
39: 4 8 8 0 4 2 4 2 2 6 8 0 10 4 0 2 
40: 2 10 2 2 0 8 4 4 4 4 4 4 6 2 2 6 
41: 2 2 6 2 4 8 2 2 12 2 2 4 2 4 6 4 
42: 0 6 6 4 10 4 0 2 2 4 4 2 6 4 4 6 
43: 2 4 2 10 4 8 2 0 6 4 2 10 6 2 0 2 
44: 4 4 6 4 2 2 4 6 0 4 4 6 2 6 2 8 
45: 4 6 2 4 4 4 6 6 2 4 0 6 0 4 6 6 
46: 6 0 4 2 2 4 2 4 2 6 4 4 6 6 10 2 
47: 2 0 0 0 10 8 2 2 0 6 8 8 6 8 4 0 
48: 0 8 4 2 6 4 6 6 8 8 0 2 4 2 4 0 
49: 10 6 2 2 0 2 6 4 6 0 0 2 8 4 4 8 
50: 6 6 2 4 2 4 2 2 0 4 8 6 8 2 0 8 
51: 2 6 2 8 2 6 4 6 12 0 2 4 4 4 0 2 
52: 4 0 2 6 10 2 4 8 4 2 8 2 0 2 4 6 
53: 4 4 2 6 4 0 6 6 2 8 2 0 0 2 8 10 
54: 6 2 2 4 4 8 6 4 0 4 4 2 0 8 6 4 
55: 6 4 12 4 4 4 0 2 0 4 4 6 2 4 4 4 
56: 2 6 6 2 6 2 6 6 2 2 2 2 0 8 8 4 
57: 4 2 6 4 4 4 6 6 2 2 6 2 4 6 4 2 
58: 2 0 6 12 4 2 4 6 2 2 6 2 12 0 4 0 
59: 4 0 2 2 2 6 2 6 0 2 10 8 4 10 4 2 
60: 4 6 4 4 4 2 4 0 12 0 0 2 6 2 6 8 
61: 0 6 2 4 4 6 6 4 8 8 6 2 2 2 4 0 
62: 12 4 10 2 0 4 4 0 4 2 4 10 2 4 0 2 
63: 2 4 12 2 8 0 6 2 2 4 6 0 8 4 0 4 

The 7 S-Box Difference Distributing Table:
  1 2 3 4 5 6 7 8 9 10 11 12 13 14 15 16
0: 64 0 0 0 0 0 0 0 0 0 0 0 0 0 0 0 
1: 0 2 4 8 4 2 0 8 2 2 8 6 2 10 4 2 
2: 0 6 8 2 2 2 0 4 12 4 2 2 4 10 4 2 
3: 4 4 6 4 2 4 8 0 2 4 8 4 2 6 0 6 
4: 0 4 2 4 4 8 6 8 4 6 0 4 0 2 4 8 
5: 6 2 6 4 2 8 6 2 4 6 4 4 4 0 4 2 
6: 0 4 4 8 4 2 2 4 4 10 6 4 2 2 6 2 
7: 0 2 2 6 12 2 0 8 4 2 8 0 2 4 8 4 
8: 0 4 4 2 6 2 4 10 6 2 4 6 6 6 2 0 
9: 2 0 0 2 2 2 0 4 6 4 4 2 14 2 8 12 
10: 0 2 0 2 10 14 6 2 4 0 6 2 4 6 2 4 
11: 2 10 4 0 2 4 4 10 2 0 4 6 2 6 8 0 
12: 0 6 0 0 6 8 8 0 0 6 6 2 4 2 8 8 
13: 2 2 6 8 2 0 2 6 0 10 0 12 4 0 4 6 
14: 0 6 10 6 4 0 6 0 2 4 0 8 4 8 2 4 
15: 0 6 4 8 6 6 4 2 4 4 4 2 6 0 8 0 
16: 0 4 0 6 2 2 2 8 6 4 10 2 10 0 2 6 
17: 0 8 6 0 4 4 6 0 2 12 0 4 6 4 4 4 
18: 0 0 6 4 14 2 2 4 4 8 4 6 2 2 4 2 
19: 6 6 0 8 2 6 2 2 2 8 4 6 0 2 4 6 
20: 0 2 4 2 2 0 4 6 2 8 8 2 8 2 8 6 
21: 6 6 2 2 4 2 4 2 2 2 12 4 2 8 4 2 
22: 0 4 0 10 0 4 8 2 4 4 2 12 2 2 4 6 
23: 10 2 10 4 6 0 6 2 10 0 0 0 10 2 0 2 
24: 0 10 4 4 8 2 4 4 6 0 4 4 0 6 6 2 
25: 8 2 2 4 4 12 4 4 4 2 2 4 2 2 2 6 
26: 0 2 6 8 2 8 2 4 2 6 2 2 6 2 4 8 
27: 2 4 6 2 4 2 8 4 8 4 2 4 4 8 2 0 
28: 0 6 10 2 0 10 8 4 0 2 4 4 0 6 6 2 
29: 8 6 2 4 2 6 6 6 8 2 2 0 2 6 2 2 
30: 0 4 6 4 0 0 2 4 8 0 6 4 12 8 2 4 
31: 8 2 4 0 6 4 4 4 4 2 2 6 2 4 2 10 
32: 0 0 2 8 2 2 4 2 4 8 8 6 6 2 2 8 
33: 4 2 6 2 6 4 4 8 8 6 2 2 0 2 2 6 
34: 2 2 10 4 12 2 2 2 4 2 6 2 4 4 4 2 
35: 6 6 2 2 2 2 6 6 0 6 8 6 2 0 2 8 
36: 8 0 2 6 0 2 2 4 10 0 2 4 8 8 4 4 
37: 4 4 2 4 4 6 4 0 4 4 6 4 2 4 6 6 
38: 6 8 2 10 2 8 0 4 2 0 6 6 2 4 0 4 
39: 4 4 8 0 4 2 8 2 2 6 4 4 6 4 4 2 
40: 2 8 2 2 2 2 4 6 10 4 0 0 4 4 12 2 
41: 4 4 6 12 8 6 2 2 0 0 2 4 0 2 2 10 
42: 4 4 4 0 4 10 6 0 2 4 4 2 6 2 6 6 
43: 4 4 8 4 2 0 4 2 6 0 4 6 6 6 6 2 
44: 4 8 0 6 2 6 8 6 4 4 2 4 2 2 2 4 
45: 6 8 8 2 6 2 6 6 4 0 2 2 6 4 2 0 
46: 2 6 2 0 4 8 2 4 8 6 0 8 4 6 2 2 
47: 4 4 0 2 4 6 6 2 0 2 4 8 6 6 4 6 
48: 12 2 4 6 4 2 6 4 2 8 8 2 2 0 2 0 
49: 6 4 8 8 2 4 0 8 2 4 4 4 0 6 2 2 
50: 2 2 2 4 4 0 6 4 8 4 4 10 2 6 4 2 
51: 10 4 0 6 2 2 4 0 4 2 6 4 8 8 2 2 
52: 0 2 8 8 6 2 2 8 2 6 4 2 4 6 2 2 
53: 6 4 4 2 4 4 8 0 4 8 4 0 6 0 8 2 
54: 10 4 2 6 10 2 2 0 0 4 6 4 4 2 2 6 
55: 0 4 2 8 4 4 2 4 4 8 2 4 4 4 10 0 
56: 4 6 8 0 0 0 4 6 2 2 2 4 4 14 4 4 
57: 0 0 0 2 2 8 2 6 8 4 6 4 6 4 4 8 
58: 6 4 0 0 4 10 4 4 0 0 8 2 8 4 6 4 
59: 2 4 2 4 4 2 2 16 4 2 4 6 2 4 0 6 
60: 2 2 6 0 8 4 6 4 2 8 2 2 2 0 8 8 
61: 2 2 6 4 4 6 2 2 6 6 2 4 4 6 6 2 
62: 0 6 10 4 0 4 6 6 4 4 2 6 2 0 4 6 
63: 2 6 2 2 6 6 4 0 8 6 4 2 6 4 4 2 

The 8 S-Box Difference Distributing Table:
  1 2 3 4 5 6 7 8 9 10 11 12 13 14 15 16
0: 64 0 0 0 0 0 0 0 0 0 0 0 0 0 0 0 
1: 2 2 2 8 4 4 4 6 0 6 2 6 8 6 2 2 
2: 0 2 2 2 6 2 4 6 8 8 6 8 0 6 2 2 
3: 0 8 2 6 10 6 4 4 0 8 6 2 2 2 4 0 
4: 0 2 4 4 4 2 4 0 6 6 2 4 4 12 4 6 
5: 4 8 2 6 2 2 2 2 6 6 8 0 2 6 6 2 
6: 0 0 10 0 6 6 0 6 8 4 4 2 6 2 6 4 
7: 0 8 0 4 0 2 2 8 8 12 0 4 4 2 6 4 
8: 0 0 10 2 0 6 0 6 6 6 2 6 8 2 6 4 
9: 6 4 4 2 8 6 2 0 2 0 2 12 4 2 4 6 
10: 0 10 4 4 2 8 0 4 2 4 6 2 0 6 2 10 
11: 2 0 2 0 6 2 12 0 2 6 4 4 10 4 6 4 
12: 0 8 2 6 4 8 0 8 2 4 2 4 0 10 2 4 
13: 6 4 2 2 6 2 10 4 8 4 2 4 4 2 2 2 
14: 0 2 8 6 2 4 4 6 0 4 6 2 10 2 6 2 
15: 8 2 6 8 8 4 0 4 6 2 0 4 6 4 2 0 
16: 0 6 2 0 8 4 10 2 4 2 8 2 4 4 4 4 
17: 2 2 2 4 4 6 6 6 4 4 4 6 0 6 2 6 
18: 0 4 4 8 0 6 4 6 4 8 2 2 6 4 4 2 
19: 10 4 4 4 0 6 2 2 4 0 0 6 4 4 4 10 
20: 0 6 4 6 8 4 4 4 4 8 4 4 2 0 6 0 
21: 6 2 2 0 6 2 4 6 4 6 8 4 2 0 4 8 
22: 0 8 2 4 4 4 2 0 10 0 6 2 6 4 10 2 
23: 4 6 10 8 2 0 0 10 2 2 4 0 2 10 0 4 
24: 0 6 6 6 6 2 12 2 2 2 8 2 2 4 0 4 
25: 6 8 4 2 2 6 6 2 2 0 2 4 2 6 4 8 
26: 0 4 4 6 6 0 2 6 2 2 4 10 4 2 6 6 
27: 4 0 4 2 2 4 4 8 6 4 8 4 10 2 2 0 
28: 0 4 0 4 2 6 6 2 0 4 2 14 8 4 2 6 
29: 4 2 10 4 0 4 6 2 6 2 4 4 2 4 8 2 
30: 0 2 2 6 6 2 12 6 6 2 2 0 4 2 4 8 
31: 0 4 8 4 4 8 0 0 4 2 10 0 2 4 8 6 
32: 2 0 6 0 4 10 2 4 2 6 4 4 6 2 6 6 
33: 4 6 2 6 2 2 4 2 4 4 2 4 14 4 4 0 
34: 8 0 4 4 2 2 8 4 12 6 2 0 4 6 0 2 
35: 2 8 0 4 2 8 0 4 2 2 4 14 0 4 2 8 
36: 2 4 8 0 8 0 2 4 6 4 12 0 6 2 4 2 
37: 4 6 0 6 4 8 4 8 0 2 2 0 4 4 6 6 
38: 6 6 6 2 6 6 4 4 2 2 2 2 2 6 4 4 
39: 2 0 4 6 6 4 6 4 2 6 2 6 2 6 8 0 
40: 0 6 0 4 2 10 2 16 4 6 2 2 0 4 6 0 
41: 8 4 6 0 12 4 4 2 4 4 4 2 4 0 6 0 
42: 10 4 0 4 6 6 2 4 2 0 4 0 0 8 8 6 
43: 4 2 8 10 6 2 2 2 2 12 0 2 6 2 4 0 
44: 4 2 2 2 0 6 2 2 10 4 10 6 4 6 0 4 
45: 2 4 0 0 4 4 4 2 6 12 4 4 6 6 2 4 
46: 8 6 2 8 0 4 2 2 6 4 4 6 2 6 0 4 
47: 6 6 4 0 4 0 8 4 0 2 2 0 8 6 12 2 
48: 4 4 2 8 4 6 4 4 0 2 6 2 2 2 6 8 
49: 2 4 8 4 2 4 10 2 8 4 4 2 2 2 4 2 
50: 2 2 6 4 8 4 4 6 2 0 2 2 12 2 4 4 
51: 2 2 6 2 2 6 6 2 2 2 4 8 2 6 4 8 
52: 2 2 2 2 2 2 6 2 10 2 2 10 12 4 4 0 
53: 4 2 4 6 4 4 0 4 0 2 10 4 2 6 0 12 
54: 2 10 6 4 2 2 6 4 2 2 2 8 4 0 4 6 
55: 0 4 8 2 6 4 6 6 6 2 0 6 2 4 0 8 
56: 0 8 4 12 2 0 4 2 4 4 2 6 6 4 2 4 
57: 6 6 4 6 4 2 0 4 6 2 8 2 4 2 4 4 
58: 6 4 6 0 8 2 2 4 2 4 6 8 2 4 4 2 
59: 4 4 2 4 2 4 2 6 12 6 2 2 4 0 4 6 
60: 6 6 8 4 2 2 6 2 0 4 2 2 0 0 12 8 
61: 6 4 4 4 0 4 2 8 4 2 6 2 4 8 2 4 
62: 2 0 2 6 8 2 8 0 0 14 2 6 2 8 0 4 
63: 8 2 4 4 4 4 6 4 6 0 10 6 0 4 2 0 

